<?xml version="1.0" encoding="UTF-8"?>
<!-- Generated by org.testng.reporters.JUnitReportReporter -->
<testsuite hostname="DESKTOP-0GHR3KF" failures="0" tests="1" name="test.ContactTest" time="16.769" errors="0" timestamp="2023-03-26T01:06:55 ICT" skipped="0">
  <testcase classname="test.ContactTest" name="TC6_sendContact" time="16.769"/>
  <system-out/>
</testsuite> <!-- test.ContactTest -->
