<?xml version="1.0" encoding="UTF-8"?>
<!-- Generated by org.testng.reporters.JUnitReportReporter -->
<testsuite hostname="DESKTOP-0GHR3KF" failures="0" tests="1" name="test.RegisterUserWithExistingEmail" time="13.987" errors="0" timestamp="2023-03-26T01:06:29 ICT" skipped="0">
  <testcase classname="test.RegisterUserWithExistingEmail" name="TC5_registerUserWithExistingEmail" time="13.987"/>
  <system-out/>
</testsuite> <!-- test.RegisterUserWithExistingEmail -->
