<?xml version="1.0" encoding="UTF-8"?>
<!-- Generated by org.testng.reporters.JUnitReportReporter -->
<testsuite hostname="DESKTOP-0GHR3KF" failures="0" tests="1" name="test.RegisterUserWithExistingEmail" time="11.298" errors="0" timestamp="2023-03-26T22:44:54 ICT" skipped="0">
  <testcase classname="test.RegisterUserWithExistingEmail" name="TC5_registerUserWithExistingEmail" time="11.298"/>
  <system-out/>
</testsuite> <!-- test.RegisterUserWithExistingEmail -->
