<?xml version="1.0" encoding="UTF-8"?>
<!-- Generated by org.testng.reporters.JUnitReportReporter -->
<testsuite hostname="DESKTOP-0GHR3KF" failures="0" tests="1" name="test.LoginUserWithCorrectEmailAndPassword" time="43.696" errors="0" timestamp="2023-03-26T22:48:16 ICT" skipped="0">
  <testcase classname="test.LoginUserWithCorrectEmailAndPassword" name="TC2_loginUserSuccessful" time="43.696"/>
  <system-out/>
</testsuite> <!-- test.LoginUserWithCorrectEmailAndPassword -->
