<?xml version="1.0" encoding="UTF-8"?>
<!-- Generated by org.testng.reporters.JUnitReportReporter -->
<testsuite hostname="DESKTOP-0GHR3KF" failures="0" tests="1" name="test.LoginUserWithCorrectEmailAndPassword" time="18.663" errors="0" timestamp="2023-03-26T16:34:49 ICT" skipped="0">
  <testcase classname="test.LoginUserWithCorrectEmailAndPassword" name="TC2_loginUserSuccessful" time="18.663"/>
  <system-out/>
</testsuite> <!-- test.LoginUserWithCorrectEmailAndPassword -->
