<?xml version="1.0" encoding="UTF-8"?>
<!-- Generated by org.testng.reporters.JUnitReportReporter -->
<testsuite hostname="DESKTOP-1EU5UN2" failures="0" tests="2" name="test.test1" time="47.526" errors="0" timestamp="2023-03-24T01:11:07 ICT" skipped="0">
  <testcase classname="test.test1" name="TestLogin" time="40.503"/>
  <system-out/>
  <testcase classname="test.test1" name="Testcases_Test" time="7.023"/>
  <system-out/>
</testsuite> <!-- test.test1 -->
