<?xml version="1.0" encoding="UTF-8"?>
<!-- Generated by org.testng.reporters.JUnitReportReporter -->
<testsuite hostname="DESKTOP-0GHR3KF" failures="0" tests="1" name="test.LoginUserWithCorrectEmailAndPassword" time="16.484" errors="0" timestamp="2023-03-28T01:31:07 ICT" skipped="0">
  <testcase classname="test.LoginUserWithCorrectEmailAndPassword" name="TC2_loginUserSuccessful" time="16.484"/>
  <system-out/>
</testsuite> <!-- test.LoginUserWithCorrectEmailAndPassword -->
