<?xml version="1.0" encoding="UTF-8"?>
<!-- Generated by org.testng.reporters.JUnitReportReporter -->
<testsuite hostname="DESKTOP-1EU5UN2" failures="0" tests="1" name="test.RegisterUser" time="51.572" errors="0" timestamp="2023-03-27T22:57:23 ICT" skipped="0">
  <testcase classname="test.RegisterUser" name="TestLogin" time="51.572"/>
  <system-out/>
</testsuite> <!-- test.RegisterUser -->
