<?xml version="1.0" encoding="UTF-8"?>
<!-- Generated by org.testng.reporters.JUnitReportReporter -->
<testsuite hostname="DESKTOP-1EU5UN2" failures="0" tests="1" name="test.ContactTest" time="22.756" errors="0" timestamp="2023-03-27T23:16:58 ICT" skipped="0">
  <testcase classname="test.ContactTest" name="TC6_sendContact" time="22.756"/>
  <system-out/>
</testsuite> <!-- test.ContactTest -->
