<?xml version="1.0" encoding="UTF-8"?>
<!-- Generated by org.testng.reporters.JUnitReportReporter -->
<testsuite hostname="DESKTOP-0GHR3KF" failures="0" tests="1" name="test.RegisterUserWithExistingEmail" time="8.098" errors="0" timestamp="2023-03-28T01:37:56 ICT" skipped="0">
  <testcase classname="test.RegisterUserWithExistingEmail" name="TC5_registerUserWithExistingEmail" time="8.098"/>
  <system-out/>
</testsuite> <!-- test.RegisterUserWithExistingEmail -->
