<?xml version="1.0" encoding="UTF-8"?>
<!-- Generated by org.testng.reporters.JUnitReportReporter -->
<testsuite hostname="DESKTOP-1EU5UN2" failures="0" tests="1" name="test.LogoutUser" time="49.066" errors="0" timestamp="2023-03-27T23:11:35 ICT" skipped="0">
  <testcase classname="test.LogoutUser" name="Logout" time="49.066"/>
  <system-out/>
</testsuite> <!-- test.LogoutUser -->
