<?xml version="1.0" encoding="UTF-8"?>
<!-- Generated by org.testng.reporters.JUnitReportReporter -->
<testsuite hostname="DESKTOP-1EU5UN2" failures="0" tests="1" name="test.LoginUserWithCorrectEmailAndPassword" time="37.578" errors="0" timestamp="2023-03-27T22:49:56 ICT" skipped="0">
  <testcase classname="test.LoginUserWithCorrectEmailAndPassword" name="TC2_loginUserSuccessful" time="37.578"/>
  <system-out/>
</testsuite> <!-- test.LoginUserWithCorrectEmailAndPassword -->
