<?xml version="1.0" encoding="UTF-8"?>
<!-- Generated by org.testng.reporters.JUnitReportReporter -->
<testsuite hostname="DESKTOP-1EU5UN2" failures="0" tests="1" name="test.RegisterUserWithExistingEmail" time="9.027" errors="0" timestamp="2023-03-27T22:48:34 ICT" skipped="0">
  <testcase classname="test.RegisterUserWithExistingEmail" name="TC5_registerUserWithExistingEmail" time="9.027"/>
  <system-out/>
</testsuite> <!-- test.RegisterUserWithExistingEmail -->
