<?xml version="1.0" encoding="UTF-8"?>
<!-- Generated by org.testng.reporters.JUnitReportReporter -->
<testsuite hostname="DESKTOP-1EU5UN2" failures="0" tests="2" name="test.Test3andTest4" time="30.633" errors="0" timestamp="2023-03-27T23:07:27 ICT" skipped="0">
  <testcase classname="test.Test3andTest4" name="TestLoginFail" time="11.590"/>
  <system-out/>
  <testcase classname="test.Test3andTest4" name="Logout" time="19.043"/>
  <system-out/>
</testsuite> <!-- test.Test3andTest4 -->
