<?xml version="1.0" encoding="UTF-8"?>
<!-- Generated by org.testng.reporters.JUnitReportReporter -->
<testsuite hostname="DESKTOP-0GHR3KF" failures="0" tests="1" name="test.LogoutUser" time="12.484" errors="0" timestamp="2023-03-28T01:34:17 ICT" skipped="0">
  <testcase classname="test.LogoutUser" name="Logout" time="12.484"/>
  <system-out/>
</testsuite> <!-- test.LogoutUser -->
