<?xml version="1.0" encoding="UTF-8"?>
<!-- Generated by org.testng.reporters.JUnitReportReporter -->
<testsuite hostname="DESKTOP-1EU5UN2" failures="0" tests="1" name="test.VerifyTestCasesPage" time="8.397" errors="0" timestamp="2023-03-27T22:54:20 ICT" skipped="0">
  <testcase classname="test.VerifyTestCasesPage" name="Testcases_Test" time="8.397"/>
  <system-out/>
</testsuite> <!-- test.VerifyTestCasesPage -->
