<?xml version="1.0" encoding="UTF-8"?>
<!-- Generated by org.testng.reporters.JUnitReportReporter -->
<testsuite hostname="DESKTOP-0GHR3KF" failures="0" tests="1" name="test.LogoutUser" time="13.898" errors="0" timestamp="2023-03-28T02:18:16 ICT" skipped="0">
  <testcase classname="test.LogoutUser" name="Logout" time="13.898"/>
  <system-out/>
</testsuite> <!-- test.LogoutUser -->
