<?xml version="1.0" encoding="UTF-8"?>
<!-- Generated by org.testng.reporters.JUnitReportReporter -->
<testsuite hostname="DESKTOP-0GHR3KF" failures="0" tests="1" name="test.LoginUserWithIncorrectEmailAndPassword" time="8.604" errors="0" timestamp="2023-03-28T02:17:55 ICT" skipped="0">
  <testcase classname="test.LoginUserWithIncorrectEmailAndPassword" name="TestLoginFail" time="8.604"/>
  <system-out/>
</testsuite> <!-- test.LoginUserWithIncorrectEmailAndPassword -->
